#
# A fatal error has been detected by the Java Runtime Environment:
#
#  SIGSEGV (0xb) at pc=0xb6a1bd10, pid=6263, tid=1739254592
#
# JRE version: OpenJDK Runtime Environment (7.0_65-b32) (build 1.7.0_65-b32)
# Java VM: OpenJDK Server VM (24.65-b04 mixed mode linux-x86 )
# Derivative: IcedTea 2.5.3
# Distribution: Ubuntu 14.10, package 7u71-2.5.3-0ubuntu1
# Problematic frame:
# V  [libjvm.so+0x49ad10]  java_lang_String::utf8_length(oopDesc*)+0x60
#
# Failed to write core dump. Core dumps have been disabled. To enable core dumping, try "ulimit -c unlimited" before starting Java again
#
# If you would like to submit a bug report, please include
# instructions on how to reproduce the bug and visit:
#   http://icedtea.classpath.org/bugzilla
#

---------------  T H R E A D  ---------------

Current thread (0x67b2fc00):  JavaThread "JDWP Transport Listener: dt_socket" daemon [_thread_in_vm, id=6278, stack(0x67a5e000,0x67aaf000)]

siginfo:si_signo=SIGSEGV: si_errno=0, si_code=1 (SEGV_MAPERR), si_addr=0x00000008

Registers:
EAX=0x9dd524c0, EBX=0xb7118000, ECX=0x00000000, EDX=0x00000000
ESP=0x67aadf50, EBP=0x67aadff8, ESI=0x00000000, EDI=0x09563970
EIP=0xb6a1bd10, EFLAGS=0x00010246, CR2=0x00000008

Top of Stack: (sp=0x67aadf50)
0x67aadf50:   b6a1bcb9 b7118000 67b2fc00 b6a2d81f
0x67aadf60:   9dd524c0 b7118000 67b2fc00 b6a29459
0x67aadf70:   b6a274f9 b63a5000 9dd524c0 00000000
0x67aadf80:   67b2fd28 00000001 67aadfb8 67b2fc00
0x67aadf90:   00000000 67aae04c 67aadfc8 ad51a200
0x67aadfa0:   00000190 67b2fc00 b6a2d7b9 b63a5000
0x67aadfb0:   67b2fd28 b63a5a80 67aadff8 b6371070
0x67aadfc0:   67b2fd28 09563970 00000000 b637100c 

Instructions: (pc=0xb6a1bd10)
0xb6a1bcf0:   00 00 00 00 0f 44 c1 83 ec 08 52 50 e8 8f e5 32
0xb6a1bd00:   00 83 c4 14 5b 5e c3 89 f6 8d bc 27 00 00 00 00
0xb6a1bd10:   8b 56 08 eb d4 90 8d 76 00 8d bc 27 00 00 00 00
0xb6a1bd20:   56 53 31 c9 e8 b7 f2 c1 ff 81 c3 d7 c2 6f 00 83 

Register to memory mapping:

EAX=0x9dd524c0 is an oop
java.lang.String 
 - klass: 'java/lang/String'
EBX=0xb7118000: <offset 0xb97000> in /usr/lib/jvm/java-7-openjdk-i386/jre/lib/i386/server/libjvm.so at 0xb6581000
ECX=0x00000000 is an unknown value
EDX=0x00000000 is an unknown value
ESP=0x67aadf50 is pointing into the stack for thread: 0x67b2fc00
EBP=0x67aadff8 is pointing into the stack for thread: 0x67b2fc00
ESI=0x00000000 is an unknown value
EDI=0x09563970 is a global jni handle


Stack: [0x67a5e000,0x67aaf000],  sp=0x67aadf50,  free space=319k
Native frames: (J=compiled Java code, j=interpreted, Vv=VM code, C=native code)
V  [libjvm.so+0x49ad10]  java_lang_String::utf8_length(oopDesc*)+0x60
C  [libjdwp.so+0x120a7]
C  [libjdwp.so+0x249a5]
C  [libjdwp.so+0x24df9]


---------------  P R O C E S S  ---------------

Java Threads: ( => current thread )
  0x6766c400 JavaThread "AWT-EventQueue-0" [_thread_blocked, id=6293, stack(0x6686c000,0x668bd000)]
  0x6766b400 JavaThread "AWT-Shutdown" [_thread_blocked, id=6292, stack(0x668bd000,0x6690e000)]
  0x67664800 JavaThread "AWT-XAWT" daemon [_thread_in_native, id=6290, stack(0x66977000,0x669c8000)]
  0x6764c000 JavaThread "Java2D Disposer" daemon [_thread_blocked, id=6289, stack(0x669f0000,0x66a41000)]
  0x67b38c00 JavaThread "Service Thread" daemon [_thread_blocked, id=6287, stack(0x67869000,0x678ba000)]
  0x67b36c00 JavaThread "C2 CompilerThread1" daemon [_thread_blocked, id=6286, stack(0x678ba000,0x6793b000)]
  0x67b34000 JavaThread "C2 CompilerThread0" daemon [_thread_blocked, id=6285, stack(0x6793b000,0x679bc000)]
  0x09560c00 JavaThread "JDWP Command Reader" daemon [_thread_in_native, id=6282, stack(0x679bc000,0x67a0d000)]
  0x67b32400 JavaThread "JDWP Event Helper Thread" daemon [_thread_blocked, id=6280, stack(0x67a0d000,0x67a5e000)]
=>0x67b2fc00 JavaThread "JDWP Transport Listener: dt_socket" daemon [_thread_in_vm, id=6278, stack(0x67a5e000,0x67aaf000)]
  0x67b27400 JavaThread "Signal Dispatcher" daemon [_thread_blocked, id=6276, stack(0x67aaf000,0x67b00000)]
  0x67b14c00 JavaThread "Finalizer" daemon [_thread_blocked, id=6274, stack(0x67c2d000,0x67c7e000)]
  0x67b13400 JavaThread "Reference Handler" daemon [_thread_blocked, id=6273, stack(0x67c7e000,0x67ccf000)]
  0xb6209000 JavaThread "main" [_thread_blocked, id=6269, stack(0xb63d7000,0xb6428000)]

Other Threads:
  0x67b10800 VMThread [stack: 0x6a824000,0x6a8a5000] [id=6272]
  0x67b3a800 WatcherThread [stack: 0x677e8000,0x67869000] [id=6288]

VM state:not at safepoint (normal execution)

VM Mutex/Monitor currently owned by a thread: None

Heap
 PSYoungGen      total 19456K, used 4795K [0x9d9c0000, 0x9ef40000, 0xb2f40000)
  eden space 16896K, 28% used [0x9d9c0000,0x9de6ef90,0x9ea40000)
  from space 2560K, 0% used [0x9ecc0000,0x9ecc0000,0x9ef40000)
  to   space 2560K, 0% used [0x9ea40000,0x9ea40000,0x9ecc0000)
 ParOldGen       total 43520K, used 0K [0x72f40000, 0x759c0000, 0x9d9c0000)
  object space 43520K, 0% used [0x72f40000,0x72f40000,0x759c0000)
 PSPermGen       total 16384K, used 7353K [0x6af40000, 0x6bf40000, 0x72f40000)
  object space 16384K, 44% used [0x6af40000,0x6b66e6b8,0x6bf40000)

Card table byte_map: [0x6acff000,0x6af40000] byte_map_base: 0x6a9a7600

Polling page: 0xb7739000

Code Cache  [0xb3000000, 0xb3240000, 0xb6000000)
 total_blobs=239 nmethods=20 adapters=182 free_code_cache=48783Kb largest_free_block=49935808

Compilation events (10 events):
Event: 0,958 Thread 0x67b34000   16             java.lang.String::startsWith (72 bytes)
Event: 0,965 Thread 0x67b34000 nmethod 16 0xb305b8c8 code [0xb305b9e0, 0xb305bc70]
Event: 0,984 Thread 0x67b36c00   17             java.lang.String::lastIndexOf (52 bytes)
Event: 0,987 Thread 0x67b36c00 nmethod 17 0xb305a088 code [0xb305a1a0, 0xb305a31c]
Event: 0,999 Thread 0x67b34000   18             java.lang.Enum::ordinal (5 bytes)
Event: 1,000 Thread 0x67b34000 nmethod 18 0xb3059f08 code [0xb3059fe0, 0xb305a030]
Event: 1,000 Thread 0x67b34000   19             sun.util.logging.PlatformLogger$Level::intValue (9 bytes)
Event: 1,001 Thread 0x67b34000 nmethod 19 0xb3059d08 code [0xb3059e00, 0xb3059e70]
Event: 1,006 Thread 0x67b34000   20             java.lang.String::length (6 bytes)
Event: 1,007 Thread 0x67b34000 nmethod 20 0xb3059b08 code [0xb3059c00, 0xb3059c90]

GC Heap History (0 events):
No events

Deoptimization events (0 events):
No events

Internal exceptions (10 events):
Event: 0,957 Thread 0xb6209000 Threw 0x9dd30e38 at /build/buildd/openjdk-7-7u71-2.5.3/build/openjdk/hotspot/src/share/vm/prims/jvm.cpp:1284
Event: 0,958 Thread 0xb6209000 Threw 0x9dd34068 at /build/buildd/openjdk-7-7u71-2.5.3/build/openjdk/hotspot/src/share/vm/prims/jvm.cpp:1284
Event: 0,959 Thread 0xb6209000 Threw 0x9dd37150 at /build/buildd/openjdk-7-7u71-2.5.3/build/openjdk/hotspot/src/share/vm/prims/jvm.cpp:1284
Event: 0,960 Thread 0xb6209000 Threw 0x9dd3a520 at /build/buildd/openjdk-7-7u71-2.5.3/build/openjdk/hotspot/src/share/vm/prims/jvm.cpp:1284
Event: 0,961 Thread 0xb6209000 Threw 0x9dd3e768 at /build/buildd/openjdk-7-7u71-2.5.3/build/openjdk/hotspot/src/share/vm/prims/jvm.cpp:1284
Event: 0,971 Thread 0xb6209000 Threw 0x9dd41d80 at /build/buildd/openjdk-7-7u71-2.5.3/build/openjdk/hotspot/src/share/vm/prims/jvm.cpp:1284
Event: 0,982 Thread 0xb6209000 Threw 0x9dd457e8 at /build/buildd/openjdk-7-7u71-2.5.3/build/openjdk/hotspot/src/share/vm/prims/jvm.cpp:1284
Event: 0,986 Thread 0xb6209000 Threw 0x9dd4a5e8 at /build/buildd/openjdk-7-7u71-2.5.3/build/openjdk/hotspot/src/share/vm/prims/jvm.cpp:1284
Event: 0,987 Thread 0xb6209000 Threw 0x9dd4da20 at /build/buildd/openjdk-7-7u71-2.5.3/build/openjdk/hotspot/src/share/vm/prims/jvm.cpp:1284
Event: 0,988 Thread 0xb6209000 Threw 0x9dd505d0 at /build/buildd/openjdk-7-7u71-2.5.3/build/openjdk/hotspot/src/share/vm/prims/jvm.cpp:1284

Events (10 events):
Event: 33,674 Executing VM operation: ChangeSingleStep
Event: 33,675 Executing VM operation: ChangeSingleStep done
Event: 33,678 Executing VM operation: ChangeSingleStep
Event: 33,678 Executing VM operation: ChangeSingleStep done
Event: 33,735 Executing VM operation: GetOrSetLocal
Event: 33,735 Executing VM operation: GetOrSetLocal done
Event: 33,772 Executing VM operation: GetOrSetLocal
Event: 33,772 Executing VM operation: GetOrSetLocal done
Event: 33,894 Executing VM operation: GetOrSetLocal
Event: 33,894 Executing VM operation: GetOrSetLocal done


Dynamic libraries:
08048000-08049000 r-xp 00000000 08:05 3670302    /usr/lib/jvm/java-7-openjdk-i386/jre/bin/java
08049000-0804a000 r--p 00000000 08:05 3670302    /usr/lib/jvm/java-7-openjdk-i386/jre/bin/java
0804a000-0804b000 rw-p 00001000 08:05 3670302    /usr/lib/jvm/java-7-openjdk-i386/jre/bin/java
0955e000-096a2000 rw-p 00000000 00:00 0          [heap]
664f0000-66700000 rw-p 00000000 00:00 0 
66700000-6677f000 rw-p 00000000 00:00 0 
6677f000-66800000 ---p 00000000 00:00 0 
6681c000-66869000 r-xp 00000000 08:05 3670208    /usr/lib/jvm/java-7-openjdk-i386/jre/lib/i386/libfontmanager.so
66869000-6686b000 r--p 0004c000 08:05 3670208    /usr/lib/jvm/java-7-openjdk-i386/jre/lib/i386/libfontmanager.so
6686b000-6686c000 rw-p 0004e000 08:05 3670208    /usr/lib/jvm/java-7-openjdk-i386/jre/lib/i386/libfontmanager.so
6686c000-6686f000 ---p 00000000 00:00 0 
6686f000-668bd000 rwxp 00000000 00:00 0          [stack:6293]
668bd000-668c0000 ---p 00000000 00:00 0 
668c0000-6690e000 rwxp 00000000 00:00 0          [stack:6292]
6690e000-66924000 r-xp 00000000 08:05 3670211    /usr/lib/jvm/java-7-openjdk-i386/jre/lib/i386/libnet.so
66924000-66925000 r--p 00015000 08:05 3670211    /usr/lib/jvm/java-7-openjdk-i386/jre/lib/i386/libnet.so
66925000-66926000 rw-p 00016000 08:05 3670211    /usr/lib/jvm/java-7-openjdk-i386/jre/lib/i386/libnet.so
66926000-66929000 ---p 00000000 00:00 0 
66929000-66977000 rwxp 00000000 00:00 0 
66977000-6697a000 ---p 00000000 00:00 0 
6697a000-669c8000 rwxp 00000000 00:00 0          [stack:6290]
669c8000-669cd000 r-xp 00000000 08:05 2496475    /usr/lib/i386-linux-gnu/libXfixes.so.3.1.0
669cd000-669ce000 r--p 00004000 08:05 2496475    /usr/lib/i386-linux-gnu/libXfixes.so.3.1.0
669ce000-669cf000 rw-p 00005000 08:05 2496475    /usr/lib/i386-linux-gnu/libXfixes.so.3.1.0
669cf000-669d8000 r-xp 00000000 08:05 2496467    /usr/lib/i386-linux-gnu/libXcursor.so.1.0.2
669d8000-669d9000 r--p 00008000 08:05 2496467    /usr/lib/i386-linux-gnu/libXcursor.so.1.0.2
669d9000-669da000 rw-p 00009000 08:05 2496467    /usr/lib/i386-linux-gnu/libXcursor.so.1.0.2
669de000-669ee000 r-xp 00000000 08:05 3670233    /usr/lib/jvm/java-7-openjdk-i386/jre/lib/i386/libnio.so
669ee000-669ef000 r--p 0000f000 08:05 3670233    /usr/lib/jvm/java-7-openjdk-i386/jre/lib/i386/libnio.so
669ef000-669f0000 rw-p 00010000 08:05 3670233    /usr/lib/jvm/java-7-openjdk-i386/jre/lib/i386/libnio.so
669f0000-669f3000 ---p 00000000 00:00 0 
669f3000-66a41000 rwxp 00000000 00:00 0          [stack:6289]
66a41000-66a67000 r--p 00000000 08:05 3023227    /usr/share/locale-langpack/fr/LC_MESSAGES/libc.mo
66a67000-66a6a000 r-xp 00000000 08:05 132219     /lib/i386-linux-gnu/libkeyutils.so.1.5
66a6a000-66a6b000 r--p 00002000 08:05 132219     /lib/i386-linux-gnu/libkeyutils.so.1.5
66a6b000-66a6c000 rw-p 00003000 08:05 132219     /lib/i386-linux-gnu/libkeyutils.so.1.5
66a6c000-66adb000 r-xp 00000000 08:05 132283     /lib/i386-linux-gnu/libpcre.so.3.13.1
66adb000-66adc000 r--p 0006e000 08:05 132283     /lib/i386-linux-gnu/libpcre.so.3.13.1
66adc000-66add000 rw-p 0006f000 08:05 132283     /lib/i386-linux-gnu/libpcre.so.3.13.1
66add000-66b07000 r-xp 00000000 08:05 132295     /lib/i386-linux-gnu/libpng12.so.0.51.0
66b07000-66b08000 r--p 00029000 08:05 132295     /lib/i386-linux-gnu/libpng12.so.0.51.0
66b08000-66b09000 rw-p 0002a000 08:05 132295     /lib/i386-linux-gnu/libpng12.so.0.51.0
66b09000-66b5c000 r-xp 00000000 08:05 132206     /lib/i386-linux-gnu/libdbus-1.so.3.8.7
66b5c000-66b5e000 r--p 00053000 08:05 132206     /lib/i386-linux-gnu/libdbus-1.so.3.8.7
66b5e000-66b5f000 rw-p 00055000 08:05 132206     /lib/i386-linux-gnu/libdbus-1.so.3.8.7
66b5f000-66be8000 r-xp 00000000 08:05 2496873    /usr/lib/i386-linux-gnu/libgmp.so.10.2.0
66be8000-66be9000 r--p 00088000 08:05 2496873    /usr/lib/i386-linux-gnu/libgmp.so.10.2.0
66be9000-66bea000 rw-p 00089000 08:05 2496873    /usr/lib/i386-linux-gnu/libgmp.so.10.2.0
66bea000-66c17000 r-xp 00000000 08:05 2497030    /usr/lib/i386-linux-gnu/libhogweed.so.2.5
66c17000-66c18000 r--p 0002c000 08:05 2497030    /usr/lib/i386-linux-gnu/libhogweed.so.2.5
66c18000-66c19000 rw-p 0002d000 08:05 2497030    /usr/lib/i386-linux-gnu/libhogweed.so.2.5
66c19000-66c4b000 r-xp 00000000 08:05 2497165    /usr/lib/i386-linux-gnu/libnettle.so.4.7
66c4b000-66c4d000 r--p 00031000 08:05 2497165    /usr/lib/i386-linux-gnu/libnettle.so.4.7
66c4d000-66c4e000 rw-p 00033000 08:05 2497165    /usr/lib/i386-linux-gnu/libnettle.so.4.7
66c4e000-66c5e000 r-xp 00000000 08:05 2497412    /usr/lib/i386-linux-gnu/libtasn1.so.6.3.0
66c5e000-66c60000 r--p 00010000 08:05 2497412    /usr/lib/i386-linux-gnu/libtasn1.so.6.3.0
66c60000-66c61000 rw-p 00012000 08:05 2497412    /usr/lib/i386-linux-gnu/libtasn1.so.6.3.0
66c61000-66c98000 r-xp 00000000 08:05 2497213    /usr/lib/i386-linux-gnu/libp11-kit.so.0.0.0
66c98000-66c9c000 r--p 00037000 08:05 2497213    /usr/lib/i386-linux-gnu/libp11-kit.so.0.0.0
66c9c000-66c9d000 rw-p 0003b000 08:05 2497213    /usr/lib/i386-linux-gnu/libp11-kit.so.0.0.0
66c9d000-66ca8000 r-xp 00000000 08:05 2497095    /usr/lib/i386-linux-gnu/libkrb5support.so.0.1
66ca8000-66ca9000 r--p 0000a000 08:05 2497095    /usr/lib/i386-linux-gnu/libkrb5support.so.0.1
66ca9000-66caa000 rw-p 0000b000 08:05 2497095    /usr/lib/i386-linux-gnu/libkrb5support.so.0.1
66caa000-66cad000 r-xp 00000000 08:05 132183     /lib/i386-linux-gnu/libcom_err.so.2.1
66cad000-66cae000 r--p 00002000 08:05 132183     /lib/i386-linux-gnu/libcom_err.so.2.1
66cae000-66caf000 rw-p 00003000 08:05 132183     /lib/i386-linux-gnu/libcom_err.so.2.1
66caf000-66cdf000 r-xp 00000000 08:05 2497089    /usr/lib/i386-linux-gnu/libk5crypto.so.3.1
66cdf000-66ce0000 r--p 0002f000 08:05 2497089    /usr/lib/i386-linux-gnu/libk5crypto.so.3.1
66ce0000-66ce1000 rw-p 00030000 08:05 2497089    /usr/lib/i386-linux-gnu/libk5crypto.so.3.1
66ce1000-66dad000 r-xp 00000000 08:05 2497093    /usr/lib/i386-linux-gnu/libkrb5.so.3.3
66dad000-66db4000 r--p 000cc000 08:05 2497093    /usr/lib/i386-linux-gnu/libkrb5.so.3.3
66db4000-66db5000 rw-p 000d3000 08:05 2497093    /usr/lib/i386-linux-gnu/libkrb5.so.3.3
66db5000-66dba000 r-xp 00000000 08:05 2496471    /usr/lib/i386-linux-gnu/libXdmcp.so.6.0.0
66dba000-66dbb000 r--p 00004000 08:05 2496471    /usr/lib/i386-linux-gnu/libXdmcp.so.6.0.0
66dbb000-66dbc000 rw-p 00005000 08:05 2496471    /usr/lib/i386-linux-gnu/libXdmcp.so.6.0.0
66dbc000-66dc2000 r-xp 00000000 08:05 2496760    /usr/lib/i386-linux-gnu/libffi.so.6.0.2
66dc2000-66dc4000 r--p 00005000 08:05 2496760    /usr/lib/i386-linux-gnu/libffi.so.6.0.2
66dc4000-66dc5000 rw-p 00007000 08:05 2496760    /usr/lib/i386-linux-gnu/libffi.so.6.0.2
66dc5000-66dd8000 r-xp 00000000 08:05 131239     /lib/i386-linux-gnu/libresolv-2.19.so
66dd8000-66dd9000 r--p 00013000 08:05 131239     /lib/i386-linux-gnu/libresolv-2.19.so
66dd9000-66dda000 rw-p 00014000 08:05 131239     /lib/i386-linux-gnu/libresolv-2.19.so
66dda000-66ddc000 rw-p 00000000 00:00 0 
66ddc000-66e00000 r-xp 00000000 08:05 132310     /lib/i386-linux-gnu/libselinux.so.1
66e00000-66e01000 r--p 00023000 08:05 132310     /lib/i386-linux-gnu/libselinux.so.1
66e01000-66e02000 rw-p 00024000 08:05 132310     /lib/i386-linux-gnu/libselinux.so.1
66e02000-66e03000 rw-p 00000000 00:00 0 
66e03000-66f28000 r-xp 00000000 08:05 132329     /lib/i386-linux-gnu/libglib-2.0.so.0.4200.1
66f28000-66f29000 r--p 00124000 08:05 132329     /lib/i386-linux-gnu/libglib-2.0.so.0.4200.1
66f29000-66f2a000 rw-p 00125000 08:05 132329     /lib/i386-linux-gnu/libglib-2.0.so.0.4200.1
66f2a000-66f50000 r-xp 00000000 08:05 132196     /lib/i386-linux-gnu/libexpat.so.1.6.0
66f50000-66f52000 r--p 00026000 08:05 132196     /lib/i386-linux-gnu/libexpat.so.1.6.0
66f52000-66f53000 rw-p 00028000 08:05 132196     /lib/i386-linux-gnu/libexpat.so.1.6.0
66f53000-66ffe000 r-xp 00000000 08:05 2496802    /usr/lib/i386-linux-gnu/libfreetype.so.6.11.1
66ffe000-67002000 r--p 000aa000 08:05 2496802    /usr/lib/i386-linux-gnu/libfreetype.so.6.11.1
67002000-67003000 rw-p 000ae000 08:05 2496802    /usr/lib/i386-linux-gnu/libfreetype.so.6.11.1
67003000-67015000 r-xp 00000000 08:05 2496564    /usr/lib/i386-linux-gnu/libavahi-client.so.3.2.9
67015000-67016000 r--p 00011000 08:05 2496564    /usr/lib/i386-linux-gnu/libavahi-client.so.3.2.9
67016000-67017000 rw-p 00012000 08:05 2496564    /usr/lib/i386-linux-gnu/libavahi-client.so.3.2.9
67017000-67023000 r-xp 00000000 08:05 2496566    /usr/lib/i386-linux-gnu/libavahi-common.so.3.5.3
67023000-67024000 r--p 0000b000 08:05 2496566    /usr/lib/i386-linux-gnu/libavahi-common.so.3.5.3
67024000-67025000 rw-p 0000c000 08:05 2496566    /usr/lib/i386-linux-gnu/libavahi-common.so.3.5.3
67025000-67149000 r-xp 00000000 08:05 2490559    /usr/lib/i386-linux-gnu/libgnutls-deb0.so.28.30.7
67149000-67150000 r--p 00123000 08:05 2490559    /usr/lib/i386-linux-gnu/libgnutls-deb0.so.28.30.7
67150000-67151000 rw-p 0012a000 08:05 2490559    /usr/lib/i386-linux-gnu/libgnutls-deb0.so.28.30.7
67151000-67152000 rw-p 00000000 00:00 0 
67152000-6719f000 r-xp 00000000 08:05 2496918    /usr/lib/i386-linux-gnu/libgssapi_krb5.so.2.2
6719f000-671a1000 r--p 0004d000 08:05 2496918    /usr/lib/i386-linux-gnu/libgssapi_krb5.so.2.2
671a1000-671a2000 rw-p 0004f000 08:05 2496918    /usr/lib/i386-linux-gnu/libgssapi_krb5.so.2.2
671a2000-671fd000 r-xp 00000000 08:05 2490846    /usr/lib/i386-linux-gnu/libgobject-2.0.so.0.4200.1
671fd000-671fe000 r--p 0005b000 08:05 2490846    /usr/lib/i386-linux-gnu/libgobject-2.0.so.0.4200.1
671fe000-671ff000 rw-p 0005c000 08:05 2490846    /usr/lib/i386-linux-gnu/libgobject-2.0.so.0.4200.1
671ff000-673b0000 r-xp 00000000 08:05 2490777    /usr/lib/i386-linux-gnu/libgio-2.0.so.0.4200.1
673b0000-673b3000 r--p 001b0000 08:05 2490777    /usr/lib/i386-linux-gnu/libgio-2.0.so.0.4200.1
673b3000-673b4000 rw-p 001b3000 08:05 2490777    /usr/lib/i386-linux-gnu/libgio-2.0.so.0.4200.1
673b4000-673b5000 rw-p 00000000 00:00 0 
673b5000-673ef000 r-xp 00000000 08:05 2496774    /usr/lib/i386-linux-gnu/libfontconfig.so.1.8.0
673ef000-673f0000 r--p 0003a000 08:05 2496774    /usr/lib/i386-linux-gnu/libfontconfig.so.1.8.0
673f0000-673f1000 rw-p 0003b000 08:05 2496774    /usr/lib/i386-linux-gnu/libfontconfig.so.1.8.0
673f1000-67466000 r-xp 00000000 08:05 2496663    /usr/lib/i386-linux-gnu/libcups.so.2
67466000-6746b000 r--p 00075000 08:05 2496663    /usr/lib/i386-linux-gnu/libcups.so.2
6746b000-6746c000 rw-p 0007a000 08:05 2496663    /usr/lib/i386-linux-gnu/libcups.so.2
6746c000-675b3000 r-xp 00000000 08:05 2496456    /usr/lib/i386-linux-gnu/libX11.so.6.3.0
675b3000-675b4000 r--p 00146000 08:05 2496456    /usr/lib/i386-linux-gnu/libX11.so.6.3.0
675b4000-675b6000 rw-p 00147000 08:05 2496456    /usr/lib/i386-linux-gnu/libX11.so.6.3.0
675b6000-675b7000 rw-p 00000000 00:00 0 
675b7000-675fc000 r-xp 00000000 08:05 3670566    /usr/lib/jvm/java-7-openjdk-i386/jre/lib/i386/xawt/libmawt.so
675fc000-675fd000 r--p 00044000 08:05 3670566    /usr/lib/jvm/java-7-openjdk-i386/jre/lib/i386/xawt/libmawt.so
675fd000-675ff000 rw-p 00045000 08:05 3670566    /usr/lib/jvm/java-7-openjdk-i386/jre/lib/i386/xawt/libmawt.so
675ff000-67600000 rw-p 00000000 00:00 0 
67600000-676fe000 rw-p 00000000 00:00 0 
676fe000-67700000 ---p 00000000 00:00 0 
67703000-67705000 r-xp 00000000 08:05 2496460    /usr/lib/i386-linux-gnu/libXau.so.6.0.0
67705000-67706000 r--p 00001000 08:05 2496460    /usr/lib/i386-linux-gnu/libXau.so.6.0.0
67706000-67707000 rw-p 00002000 08:05 2496460    /usr/lib/i386-linux-gnu/libXau.so.6.0.0
67707000-6770a000 r-xp 00000000 08:05 2490776    /usr/lib/i386-linux-gnu/libgmodule-2.0.so.0.4200.1
6770a000-6770b000 r--p 00002000 08:05 2490776    /usr/lib/i386-linux-gnu/libgmodule-2.0.so.0.4200.1
6770b000-6770c000 rw-p 00003000 08:05 2490776    /usr/lib/i386-linux-gnu/libgmodule-2.0.so.0.4200.1
6770c000-6772c000 r-xp 00000000 08:05 2497572    /usr/lib/i386-linux-gnu/libxcb.so.1.1.0
6772c000-6772d000 r--p 0001f000 08:05 2497572    /usr/lib/i386-linux-gnu/libxcb.so.1.1.0
6772d000-6772e000 rw-p 00020000 08:05 2497572    /usr/lib/i386-linux-gnu/libxcb.so.1.1.0
6772e000-677bc000 r-xp 00000000 08:05 3670226    /usr/lib/jvm/java-7-openjdk-i386/jre/lib/i386/libawt.so
677bc000-677bd000 r--p 0008e000 08:05 3670226    /usr/lib/jvm/java-7-openjdk-i386/jre/lib/i386/libawt.so
677bd000-677c4000 rw-p 0008f000 08:05 3670226    /usr/lib/jvm/java-7-openjdk-i386/jre/lib/i386/libawt.so
677c4000-677e8000 rw-p 00000000 00:00 0 
677e8000-677e9000 ---p 00000000 00:00 0 
677e9000-678ba000 rwxp 00000000 00:00 0          [stack:6287]
678ba000-678bb000 ---p 00000000 00:00 0 
678bb000-6793b000 rwxp 00000000 00:00 0          [stack:6286]
6793b000-6793c000 ---p 00000000 00:00 0 
6793c000-67b00000 rwxp 00000000 00:00 0          [stack:6278]
67b00000-67c00000 rw-p 00000000 00:00 0 
67c01000-67c11000 r-xp 00000000 08:05 2496481    /usr/lib/i386-linux-gnu/libXi.so.6.1.0
67c11000-67c12000 r--p 00010000 08:05 2496481    /usr/lib/i386-linux-gnu/libXi.so.6.1.0
67c12000-67c13000 rw-p 00011000 08:05 2496481    /usr/lib/i386-linux-gnu/libXi.so.6.1.0
67c13000-67c18000 r-xp 00000000 08:05 2496501    /usr/lib/i386-linux-gnu/libXtst.so.6.1.0
67c18000-67c19000 r--p 00004000 08:05 2496501    /usr/lib/i386-linux-gnu/libXtst.so.6.1.0
67c19000-67c1a000 rw-p 00005000 08:05 2496501    /usr/lib/i386-linux-gnu/libXtst.so.6.1.0
67c1a000-67c2b000 r-xp 00000000 08:05 2496473    /usr/lib/i386-linux-gnu/libXext.so.6.4.0
67c2b000-67c2c000 r--p 00010000 08:05 2496473    /usr/lib/i386-linux-gnu/libXext.so.6.4.0
67c2c000-67c2d000 rw-p 00011000 08:05 2496473    /usr/lib/i386-linux-gnu/libXext.so.6.4.0
67c2d000-67ccf000 rwxp 00000000 00:00 0          [stack:6273]
67ccf000-67e80000 r--s 01d25000 08:05 3670260    /usr/lib/jvm/java-7-openjdk-i386/jre/lib/rt.jar
67e80000-6a700000 rw-p 00000000 00:00 0 
6a700000-6a746000 rw-p 00000000 00:00 0 
6a746000-6a800000 ---p 00000000 00:00 0 
6a801000-6a80a000 r-xp 00000000 08:05 2496495    /usr/lib/i386-linux-gnu/libXrender.so.1.3.0
6a80a000-6a80b000 r--p 00008000 08:05 2496495    /usr/lib/i386-linux-gnu/libXrender.so.1.3.0
6a80b000-6a80c000 rw-p 00009000 08:05 2496495    /usr/lib/i386-linux-gnu/libXrender.so.1.3.0
6a812000-6a81b000 r--s 000b9000 08:05 3670265    /usr/lib/jvm/java-7-openjdk-i386/jre/lib/resources.jar
6a81b000-6a822000 r--s 00000000 08:05 2493227    /usr/lib/i386-linux-gnu/gconv/gconv-modules.cache
6a822000-6a824000 r--s 00012000 08:05 3670244    /usr/lib/jvm/java-7-openjdk-i386/jre/lib/ext/zipfs.jar
6a824000-6a825000 ---p 00000000 00:00 0 
6a825000-6a8a5000 rwxp 00000000 00:00 0          [stack:6272]
6a8a5000-6a900000 rw-p 00000000 00:00 0 
6a900000-6a921000 rw-p 00000000 00:00 0 
6a921000-6aa00000 ---p 00000000 00:00 0 
6aa01000-6aa03000 r--s 00006000 08:05 2903592    /usr/share/java/java-atk-wrapper.jar
6aa03000-6aa67000 rw-p 00000000 00:00 0 
6aa67000-6aa68000 ---p 00000000 00:00 0 
6aa68000-6aae8000 rwxp 00000000 00:00 0          [stack:6271]
6aae8000-6aae9000 ---p 00000000 00:00 0 
6aae9000-6ab69000 rwxp 00000000 00:00 0          [stack:6270]
6ab69000-6ab71000 rw-p 00000000 00:00 0 
6ab71000-6aba9000 rw-p 00000000 00:00 0 
6aba9000-6abbf000 rw-p 00000000 00:00 0 
6abbf000-6acff000 rw-p 00000000 00:00 0 
6acff000-6ad07000 rw-p 00000000 00:00 0 
6ad07000-6ad3f000 rw-p 00000000 00:00 0 
6ad3f000-6ad55000 rw-p 00000000 00:00 0 
6ad55000-6ae94000 rw-p 00000000 00:00 0 
6ae94000-6ae9f000 rw-p 00000000 00:00 0 
6ae9f000-6af3f000 rw-p 00000000 00:00 0 
6af3f000-6bf40000 rw-p 00000000 00:00 0 
6bf40000-72f40000 rw-p 00000000 00:00 0 
72f40000-759c0000 rw-p 00000000 00:00 0 
759c0000-9d9c0000 rw-p 00000000 00:00 0 
9d9c0000-9ef40000 rw-p 00000000 00:00 0 
9ef40000-b2f40000 rw-p 00000000 00:00 0 
b2f40000-b2f49000 rw-p 00000000 00:00 0 
b2f49000-b3000000 rw-p 00000000 00:00 0 
b3000000-b3240000 rwxp 00000000 00:00 0 
b3240000-b6000000 rw-p 00000000 00:00 0 
b6000000-b6200000 r--p 00000000 08:05 2499809    /usr/lib/locale/locale-archive
b6200000-b62fe000 rw-p 00000000 00:00 0 
b62fe000-b6300000 ---p 00000000 00:00 0 
b6300000-b6301000 rw-p 00000000 00:00 0 
b6301000-b6305000 r--s 0003c000 08:05 3670248    /usr/lib/jvm/java-7-openjdk-i386/jre/lib/ext/sunpkcs11.jar
b6305000-b6308000 r--s 0000f000 08:05 3670249    /usr/lib/jvm/java-7-openjdk-i386/jre/lib/ext/icedtea-sound.jar
b6308000-b630c000 r--s 00085000 08:05 3670247    /usr/lib/jvm/java-7-openjdk-i386/jre/lib/ext/localedata.jar
b630c000-b6310000 r-xp 00000000 08:05 3670232    /usr/lib/jvm/java-7-openjdk-i386/jre/lib/i386/libdt_socket.so
b6310000-b6311000 r--p 00003000 08:05 3670232    /usr/lib/jvm/java-7-openjdk-i386/jre/lib/i386/libdt_socket.so
b6311000-b6312000 rw-p 00004000 08:05 3670232    /usr/lib/jvm/java-7-openjdk-i386/jre/lib/i386/libdt_socket.so
b6312000-b631d000 r-xp 00000000 08:05 131253     /lib/i386-linux-gnu/libnss_files-2.19.so
b631d000-b631e000 r--p 0000a000 08:05 131253     /lib/i386-linux-gnu/libnss_files-2.19.so
b631e000-b631f000 rw-p 0000b000 08:05 131253     /lib/i386-linux-gnu/libnss_files-2.19.so
b631f000-b6329000 r-xp 00000000 08:05 131254     /lib/i386-linux-gnu/libnss_nis-2.19.so
b6329000-b632a000 r--p 00009000 08:05 131254     /lib/i386-linux-gnu/libnss_nis-2.19.so
b632a000-b632b000 rw-p 0000a000 08:05 131254     /lib/i386-linux-gnu/libnss_nis-2.19.so
b632b000-b6340000 r-xp 00000000 08:05 131240     /lib/i386-linux-gnu/libnsl-2.19.so
b6340000-b6341000 r--p 00015000 08:05 131240     /lib/i386-linux-gnu/libnsl-2.19.so
b6341000-b6342000 rw-p 00016000 08:05 131240     /lib/i386-linux-gnu/libnsl-2.19.so
b6342000-b6344000 rw-p 00000000 00:00 0 
b6344000-b634b000 r-xp 00000000 08:05 131237     /lib/i386-linux-gnu/libnss_compat-2.19.so
b634b000-b634c000 r--p 00006000 08:05 131237     /lib/i386-linux-gnu/libnss_compat-2.19.so
b634c000-b634d000 rw-p 00007000 08:05 131237     /lib/i386-linux-gnu/libnss_compat-2.19.so
b634d000-b6351000 r--s 00034000 08:05 3670246    /usr/lib/jvm/java-7-openjdk-i386/jre/lib/ext/sunjce_provider.jar
b6351000-b6359000 r-xp 00000000 08:05 3670227    /usr/lib/jvm/java-7-openjdk-i386/jre/lib/i386/libzip.so
b6359000-b635a000 r--p 00007000 08:05 3670227    /usr/lib/jvm/java-7-openjdk-i386/jre/lib/i386/libzip.so
b635a000-b635b000 rw-p 00008000 08:05 3670227    /usr/lib/jvm/java-7-openjdk-i386/jre/lib/i386/libzip.so
b635b000-b6363000 rw-s 00000000 08:05 792319     /tmp/hsperfdata_mickmouette/6263
b6363000-b6366000 r-xp 00000000 08:05 3670202    /usr/lib/jvm/java-7-openjdk-i386/jre/lib/i386/libnpt.so
b6366000-b6367000 r--p 00002000 08:05 3670202    /usr/lib/jvm/java-7-openjdk-i386/jre/lib/i386/libnpt.so
b6367000-b6368000 rw-p 00003000 08:05 3670202    /usr/lib/jvm/java-7-openjdk-i386/jre/lib/i386/libnpt.so
b6368000-b63a4000 r-xp 00000000 08:05 3670198    /usr/lib/jvm/java-7-openjdk-i386/jre/lib/i386/libjdwp.so
b63a4000-b63a5000 r--p 0003b000 08:05 3670198    /usr/lib/jvm/java-7-openjdk-i386/jre/lib/i386/libjdwp.so
b63a5000-b63a6000 rw-p 0003c000 08:05 3670198    /usr/lib/jvm/java-7-openjdk-i386/jre/lib/i386/libjdwp.so
b63a6000-b63cc000 r-xp 00000000 08:05 3670200    /usr/lib/jvm/java-7-openjdk-i386/jre/lib/i386/libjava.so
b63cc000-b63cd000 r--p 00025000 08:05 3670200    /usr/lib/jvm/java-7-openjdk-i386/jre/lib/i386/libjava.so
b63cd000-b63ce000 rw-p 00026000 08:05 3670200    /usr/lib/jvm/java-7-openjdk-i386/jre/lib/i386/libjava.so
b63ce000-b63d5000 r-xp 00000000 08:05 131242     /lib/i386-linux-gnu/librt-2.19.so
b63d5000-b63d6000 r--p 00006000 08:05 131242     /lib/i386-linux-gnu/librt-2.19.so
b63d6000-b63d7000 rw-p 00007000 08:05 131242     /lib/i386-linux-gnu/librt-2.19.so
b63d7000-b63d8000 ---p 00000000 00:00 0 
b63d8000-b6428000 rwxp 00000000 00:00 0          [stack:6269]
b6428000-b6444000 r-xp 00000000 08:05 132201     /lib/i386-linux-gnu/libgcc_s.so.1
b6444000-b6445000 r--p 0001b000 08:05 132201     /lib/i386-linux-gnu/libgcc_s.so.1
b6445000-b6446000 rw-p 0001c000 08:05 132201     /lib/i386-linux-gnu/libgcc_s.so.1
b6446000-b648a000 r-xp 00000000 08:05 131249     /lib/i386-linux-gnu/libm-2.19.so
b648a000-b648b000 r--p 00043000 08:05 131249     /lib/i386-linux-gnu/libm-2.19.so
b648b000-b648c000 rw-p 00044000 08:05 131249     /lib/i386-linux-gnu/libm-2.19.so
b648c000-b6575000 r-xp 00000000 08:05 2497406    /usr/lib/i386-linux-gnu/libstdc++.so.6.0.20
b6575000-b6579000 r--p 000e9000 08:05 2497406    /usr/lib/i386-linux-gnu/libstdc++.so.6.0.20
b6579000-b657a000 rw-p 000ed000 08:05 2497406    /usr/lib/i386-linux-gnu/libstdc++.so.6.0.20
b657a000-b6581000 rw-p 00000000 00:00 0 
b6581000-b70c4000 r-xp 00000000 08:05 3670205    /usr/lib/jvm/java-7-openjdk-i386/jre/lib/i386/server/libjvm.so
b70c4000-b7118000 r--p 00b42000 08:05 3670205    /usr/lib/jvm/java-7-openjdk-i386/jre/lib/i386/server/libjvm.so
b7118000-b712c000 rw-p 00b96000 08:05 3670205    /usr/lib/jvm/java-7-openjdk-i386/jre/lib/i386/server/libjvm.so
b712c000-b754a000 rw-p 00000000 00:00 0 
b754a000-b7562000 r-xp 00000000 08:05 132345     /lib/i386-linux-gnu/libz.so.1.2.8
b7562000-b7563000 r--p 00017000 08:05 132345     /lib/i386-linux-gnu/libz.so.1.2.8
b7563000-b7564000 rw-p 00018000 08:05 132345     /lib/i386-linux-gnu/libz.so.1.2.8
b7564000-b7565000 rw-p 00000000 00:00 0 
b7565000-b757d000 r-xp 00000000 08:05 131259     /lib/i386-linux-gnu/libpthread-2.19.so
b757d000-b757f000 r--p 00017000 08:05 131259     /lib/i386-linux-gnu/libpthread-2.19.so
b757f000-b7580000 rw-p 00019000 08:05 131259     /lib/i386-linux-gnu/libpthread-2.19.so
b7580000-b7582000 rw-p 00000000 00:00 0 
b7582000-b7585000 r-xp 00000000 08:05 131258     /lib/i386-linux-gnu/libdl-2.19.so
b7585000-b7586000 r--p 00002000 08:05 131258     /lib/i386-linux-gnu/libdl-2.19.so
b7586000-b7587000 rw-p 00003000 08:05 131258     /lib/i386-linux-gnu/libdl-2.19.so
b7587000-b772f000 r-xp 00000000 08:05 131246     /lib/i386-linux-gnu/libc-2.19.so
b772f000-b7731000 r--p 001a8000 08:05 131246     /lib/i386-linux-gnu/libc-2.19.so
b7731000-b7732000 rw-p 001aa000 08:05 131246     /lib/i386-linux-gnu/libc-2.19.so
b7732000-b7736000 rw-p 00000000 00:00 0 
b7736000-b7737000 r--s 00002000 08:05 3670245    /usr/lib/jvm/java-7-openjdk-i386/jre/lib/ext/dnsns.jar
b7737000-b7738000 r--p 00859000 08:05 2499809    /usr/lib/locale/locale-archive
b7738000-b7739000 rw-p 00000000 00:00 0 
b7739000-b773a000 r--p 00000000 00:00 0 
b773a000-b7748000 r-xp 00000000 08:05 3670224    /usr/lib/jvm/java-7-openjdk-i386/jre/lib/i386/libverify.so
b7748000-b774a000 r--p 0000d000 08:05 3670224    /usr/lib/jvm/java-7-openjdk-i386/jre/lib/i386/libverify.so
b774a000-b774b000 rw-p 0000f000 08:05 3670224    /usr/lib/jvm/java-7-openjdk-i386/jre/lib/i386/libverify.so
b774b000-b7757000 r-xp 00000000 08:05 3670210    /usr/lib/jvm/java-7-openjdk-i386/jre/lib/i386/jli/libjli.so
b7757000-b7758000 r--p 0000b000 08:05 3670210    /usr/lib/jvm/java-7-openjdk-i386/jre/lib/i386/jli/libjli.so
b7758000-b7759000 rw-p 0000c000 08:05 3670210    /usr/lib/jvm/java-7-openjdk-i386/jre/lib/i386/jli/libjli.so
b7759000-b775c000 rw-p 00000000 00:00 0 
b775c000-b775d000 r-xp 00000000 00:00 0          [vdso]
b775d000-b775f000 r--p 00000000 00:00 0          [vvar]
b775f000-b777f000 r-xp 00000000 08:05 131247     /lib/i386-linux-gnu/ld-2.19.so
b777f000-b7780000 r--p 0001f000 08:05 131247     /lib/i386-linux-gnu/ld-2.19.so
b7780000-b7781000 rw-p 00020000 08:05 131247     /lib/i386-linux-gnu/ld-2.19.so
bf937000-bf938000 rwxp 00000000 00:00 0 
bf96a000-bf98a000 rwxp 00000000 00:00 0          [stack]
bf98a000-bf98b000 rw-p 00000000 00:00 0 

VM Arguments:
jvm_args: -agentlib:jdwp=transport=dt_socket,suspend=y,address=localhost:40578 -Dfile.encoding=UTF-8 
java_command: main.Main
Launcher Type: SUN_STANDARD

Environment Variables:
PATH=/usr/local/sbin:/usr/local/bin:/usr/sbin:/usr/bin:/sbin:/bin:/usr/games:/usr/local/games
LD_LIBRARY_PATH=/usr/lib/jvm/java-7-openjdk-i386/jre/lib/i386/server:/usr/lib/jvm/java-7-openjdk-i386/jre/lib/i386:/usr/lib/jvm/java-7-openjdk-i386/jre/../lib/i386:/usr/lib/jvm/java-7-openjdk-i386/jre/lib/i386/client:/usr/lib/jvm/java-7-openjdk-i386/jre/lib/i386:
SHELL=/bin/bash
DISPLAY=:0

Signal Handlers:
SIGSEGV: [libjvm.so+0x7eb640], sa_mask[0]=0x7ffbfeff, sa_flags=0x10000004
SIGBUS: [libjvm.so+0x7eb640], sa_mask[0]=0x7ffbfeff, sa_flags=0x10000004
SIGFPE: [libjvm.so+0x66efa0], sa_mask[0]=0x7ffbfeff, sa_flags=0x10000004
SIGPIPE: [libjvm.so+0x66efa0], sa_mask[0]=0x7ffbfeff, sa_flags=0x10000004
SIGXFSZ: [libjvm.so+0x66efa0], sa_mask[0]=0x7ffbfeff, sa_flags=0x10000004
SIGILL: [libjvm.so+0x66efa0], sa_mask[0]=0x7ffbfeff, sa_flags=0x10000004
SIGUSR1: SIG_DFL, sa_mask[0]=0x00000000, sa_flags=0x00000000
SIGUSR2: [libjvm.so+0x66edf0], sa_mask[0]=0x00000004, sa_flags=0x10000004
SIGHUP: [libjvm.so+0x66f050], sa_mask[0]=0x7ffbfeff, sa_flags=0x10000004
SIGINT: [libjvm.so+0x66f050], sa_mask[0]=0x7ffbfeff, sa_flags=0x10000004
SIGTERM: [libjvm.so+0x66f050], sa_mask[0]=0x7ffbfeff, sa_flags=0x10000004
SIGQUIT: [libjvm.so+0x66f050], sa_mask[0]=0x7ffbfeff, sa_flags=0x10000004
SIGTRAP: SIG_DFL, sa_mask[0]=0x00000000, sa_flags=0x00000000


---------------  S Y S T E M  ---------------

OS:Ubuntu 14.10 (utopic)
uname:Linux 3.16.0-28-generic #38-Ubuntu SMP Fri Dec 12 17:38:37 UTC 2014 i686
libc:glibc 2.19 NPTL 2.19 
rlimit: STACK 8192k, CORE 0k, NPROC 63805, NOFILE 4096, AS infinity
load average:0,48 0,22 0,17

/proc/meminfo:
MemTotal:        8187612 kB
MemFree:         5265252 kB
MemAvailable:    6737136 kB
Buffers:          173264 kB
Cached:          1821836 kB
SwapCached:            0 kB
Active:          1795512 kB
Inactive:         938508 kB
Active(anon):     740564 kB
Inactive(anon):   289596 kB
Active(file):    1054948 kB
Inactive(file):   648912 kB
Unevictable:          32 kB
Mlocked:              32 kB
HighTotal:       7374288 kB
HighFree:        4928500 kB
LowTotal:         813324 kB
LowFree:          336752 kB
SwapTotal:       8264700 kB
SwapFree:        8264700 kB
Dirty:                72 kB
Writeback:             0 kB
AnonPages:        722684 kB
Mapped:           295720 kB
Shmem:            291036 kB
Slab:             124448 kB
SReclaimable:     106700 kB
SUnreclaim:        17748 kB
KernelStack:        3736 kB
PageTables:         9140 kB
NFS_Unstable:          0 kB
Bounce:               80 kB
WritebackTmp:          0 kB
CommitLimit:    12358504 kB
Committed_AS:    3798724 kB
VmallocTotal:     122880 kB
VmallocUsed:       28580 kB
VmallocChunk:      87720 kB
AnonHugePages:    415744 kB
HugePages_Total:       0
HugePages_Free:        0
HugePages_Rsvd:        0
HugePages_Surp:        0
Hugepagesize:       2048 kB
DirectMap4k:       19448 kB
DirectMap2M:      872448 kB


CPU:total 2 (2 cores per cpu, 1 threads per core) family 6 model 55 stepping 8, cmov, cx8, fxsr, mmx, sse, sse2, sse3, ssse3, sse4.1, sse4.2, popcnt, erms, tsc, tscinvbit

/proc/cpuinfo:
processor	: 0
vendor_id	: GenuineIntel
cpu family	: 6
model		: 55
model name	: Intel(R) Celeron(R) CPU  N2830  @ 2.16GHz
stepping	: 8
microcode	: 0x809
cpu MHz		: 1913.264
cache size	: 1024 KB
physical id	: 0
siblings	: 2
core id		: 0
cpu cores	: 2
apicid		: 0
initial apicid	: 0
fdiv_bug	: no
f00f_bug	: no
coma_bug	: no
fpu		: yes
fpu_exception	: yes
cpuid level	: 11
wp		: yes
flags		: fpu vme de pse tsc msr pae mce cx8 apic sep mtrr pge mca cmov pat pse36 clflush dts acpi mmx fxsr sse sse2 ss ht tm pbe nx rdtscp lm constant_tsc arch_perfmon pebs bts xtopology nonstop_tsc aperfmperf pni pclmulqdq dtes64 monitor ds_cpl vmx est tm2 ssse3 cx16 xtpr pdcm sse4_1 sse4_2 movbe popcnt tsc_deadline_timer rdrand lahf_lm 3dnowprefetch ida arat epb dtherm tpr_shadow vnmi flexpriority ept vpid tsc_adjust smep erms
bogomips	: 4326.40
clflush size	: 64
cache_alignment	: 64
address sizes	: 36 bits physical, 48 bits virtual
power management:

processor	: 1
vendor_id	: GenuineIntel
cpu family	: 6
model		: 55
model name	: Intel(R) Celeron(R) CPU  N2830  @ 2.16GHz
stepping	: 8
microcode	: 0x809
cpu MHz		: 1988.390
cache size	: 1024 KB
physical id	: 0
siblings	: 2
core id		: 1
cpu cores	: 2
apicid		: 2
initial apicid	: 2
fdiv_bug	: no
f00f_bug	: no
coma_bug	: no
fpu		: yes
fpu_exception	: yes
cpuid level	: 11
wp		: yes
flags		: fpu vme de pse tsc msr pae mce cx8 apic sep mtrr pge mca cmov pat pse36 clflush dts acpi mmx fxsr sse sse2 ss ht tm pbe nx rdtscp lm constant_tsc arch_perfmon pebs bts xtopology nonstop_tsc aperfmperf pni pclmulqdq dtes64 monitor ds_cpl vmx est tm2 ssse3 cx16 xtpr pdcm sse4_1 sse4_2 movbe popcnt tsc_deadline_timer rdrand lahf_lm 3dnowprefetch ida arat epb dtherm tpr_shadow vnmi flexpriority ept vpid tsc_adjust smep erms
bogomips	: 4326.40
clflush size	: 64
cache_alignment	: 64
address sizes	: 36 bits physical, 48 bits virtual
power management:



Memory: 4k page, physical 8187612k(5265252k free), swap 8264700k(8264700k free)

vm_info: OpenJDK Server VM (24.65-b04) for linux-x86 JRE (1.7.0_65-b32), built on Oct 22 2014 04:30:11 by "buildd" with gcc 4.9.1

time: Fri Jan 16 17:20:51 2015
elapsed time: 33 seconds

